<?xml version="1.0" encoding="UTF-8"?>
<testsuite xmlns:xsi="http://www.w3.org/2001/XMLSchema-instance" xsi:noNamespaceSchemaLocation="https://maven.apache.org/surefire/maven-surefire-plugin/xsd/surefire-test-report.xsd" version="3.0.2" name="com.sts.config.ConfigApplicationTests" time="4.412" tests="1" errors="0" skipped="0" failures="0">
  <properties>
[...]
</properties>
  <testcase name="contextLoads" classname="com.sts.config.ConfigApplicationTests" time="0.896">
    <system-out><![CDATA[17:11:56.035 [main] INFO org.springframework.test.context.support.AnnotationConfigContextLoaderUtils -- Could not detect default configuration classes for test class [com.sts.config.ConfigApplicationTests]: ConfigApplicationTests does not declare any static, non-private, non-final, nested classes annotated with @Configuration.
17:11:56.168 [main] INFO org.springframework.boot.test.context.SpringBootTestContextBootstrapper -- Found @SpringBootConfiguration com.sts.config.ConfigApplication for test class com.sts.config.ConfigApplicationTests

  .   ____          _            __ _ _
 /\\ / ___'_ __ _ _(_)_ __  __ _ \ \ \ \
( ( )\___ | '_ | '_| | '_ \/ _` | \ \ \ \
 \\/  ___)| |_)| | | | | || (_| |  ) ) ) )
  '  |____| .__|_| |_|_| |_\__, | / / / /
 =========|_|==============|___/=/_/_/_/

 :: Spring Boot ::                (v3.4.7)

2025-06-26T17:11:57.219+09:00  INFO 28476 --- [config] [           main] com.sts.config.ConfigApplicationTests    : Starting ConfigApplicationTests using Java 17.0.12 with PID 28476 (started by user in D:\stsWorkspace\cld05\config)
2025-06-26T17:11:57.219+09:00 DEBUG 28476 --- [config] [           main] com.sts.config.ConfigApplicationTests    : Running with Spring Boot v3.4.7, Spring v6.2.8
2025-06-26T17:11:57.219+09:00  INFO 28476 --- [config] [           main] com.sts.config.ConfigApplicationTests    : The following 1 profile is active: "native"
2025-06-26T17:11:57.256+09:00 DEBUG 28476 --- [config] [           main] o.s.w.c.s.GenericWebApplicationContext   : Refreshing org.springframework.web.context.support.GenericWebApplicationContext@3887cf88
2025-06-26T17:11:58.001+09:00  INFO 28476 --- [config] [           main] o.s.cloud.context.scope.GenericScope     : BeanFactory id=be79d237-756a-3dca-9b22-1c1738130453
2025-06-26T17:11:58.546+09:00 DEBUG 28476 --- [config] [           main] s.w.s.m.m.a.RequestMappingHandlerMapping : 23 mappings in 'requestMappingHandlerMapping'
2025-06-26T17:11:58.707+09:00 DEBUG 28476 --- [config] [           main] o.s.w.s.handler.SimpleUrlHandlerMapping  : Patterns [/webjars/**, /**] in 'resourceHandlerMapping'
2025-06-26T17:11:58.734+09:00 DEBUG 28476 --- [config] [           main] s.w.s.m.m.a.RequestMappingHandlerAdapter : ControllerAdvice beans: 0 @ModelAttribute, 0 @InitBinder, 1 RequestBodyAdvice, 1 ResponseBodyAdvice
2025-06-26T17:11:58.802+09:00 DEBUG 28476 --- [config] [           main] .m.m.a.ExceptionHandlerExceptionResolver : ControllerAdvice beans: 1 @ExceptionHandler, 1 ResponseBodyAdvice
2025-06-26T17:11:59.358+09:00  INFO 28476 --- [config] [           main] com.sts.config.ConfigApplicationTests    : Started ConfigApplicationTests in 2.83 seconds (process running for 4.088)
]]></system-out>
  </testcase>
</testsuite>