<?xml version="1.0" encoding="UTF-8"?>
<testsuite xmlns:xsi="http://www.w3.org/2001/XMLSchema-instance" xsi:noNamespaceSchemaLocation="https://maven.apache.org/surefire/maven-surefire-plugin/xsd/surefire-test-report.xsd" version="3.0.2" name="com.sts.control_dept.ControlDeptApplicationTests" time="8.064" tests="1" errors="0" skipped="0" failures="0">
  <properties>
[...]
</properties>
  <testcase name="contextLoads" classname="com.sts.control_dept.ControlDeptApplicationTests" time="0.912">
    <system-out><![CDATA[16:50:01.052 [main] INFO org.springframework.test.context.support.AnnotationConfigContextLoaderUtils -- Could not detect default configuration classes for test class [com.sts.control_dept.ControlDeptApplicationTests]: ControlDeptApplicationTests does not declare any static, non-private, non-final, nested classes annotated with @Configuration.
16:50:01.199 [main] INFO org.springframework.boot.test.context.SpringBootTestContextBootstrapper -- Found @SpringBootConfiguration com.sts.control_dept.ControlDeptApplication for test class com.sts.control_dept.ControlDeptApplicationTests
16:50:01.762 [main] INFO org.springframework.boot.devtools.restart.RestartApplicationListener -- Restart disabled due to context in which it is running

  .   ____          _            __ _ _
 /\\ / ___'_ __ _ _(_)_ __  __ _ \ \ \ \
( ( )\___ | '_ | '_| | '_ \/ _` | \ \ \ \
 \\/  ___)| |_)| | | | | || (_| |  ) ) ) )
  '  |____| .__|_| |_|_| |_\__, | / / / /
 =========|_|==============|___/=/_/_/_/

 :: Spring Boot ::                (v3.4.7)

2025-06-26T16:50:03.284+09:00  INFO 28500 --- [controld] [           main] c.s.c.ControlDeptApplicationTests        : Starting ControlDeptApplicationTests using Java 17.0.12 with PID 28500 (started by user in D:\stsWorkspace\cld05\control_dept)
2025-06-26T16:50:03.286+09:00  INFO 28500 --- [controld] [           main] c.s.c.ControlDeptApplicationTests        : The following 1 profile is active: "dev"
2025-06-26T16:50:03.350+09:00  INFO 28500 --- [controld] [           main] o.s.c.c.c.ConfigServerConfigDataLoader   : Fetching config from server at : http://${configserver}:8888
2025-06-26T16:50:03.351+09:00  WARN 28500 --- [controld] [           main] o.s.c.c.c.ConfigServerConfigDataLoader   : Could not locate PropertySource ([ConfigServerConfigDataResource@33b082c5 uris = array<String>['http://${configserver}:8888'], optional = true, profiles = 'default']): Not enough variable values available to expand 'profile'
2025-06-26T16:50:03.351+09:00  INFO 28500 --- [controld] [           main] o.s.c.c.c.ConfigServerConfigDataLoader   : Fetching config from server at : http://${configserver}:8888
2025-06-26T16:50:03.351+09:00  WARN 28500 --- [controld] [           main] o.s.c.c.c.ConfigServerConfigDataLoader   : Could not locate PropertySource ([ConfigServerConfigDataResource@1fde4f40 uris = array<String>['http://${configserver}:8888'], optional = true, profiles = 'dev']): Not enough variable values available to expand 'profile'
2025-06-26T16:50:03.351+09:00  INFO 28500 --- [controld] [           main] o.s.c.c.c.ConfigServerConfigDataLoader   : Fetching config from server at : http://${configserver}:8888
2025-06-26T16:50:03.351+09:00  WARN 28500 --- [controld] [           main] o.s.c.c.c.ConfigServerConfigDataLoader   : Could not locate PropertySource ([ConfigServerConfigDataResource@49cf9028 uris = array<String>['http://${configserver}:8888'], optional = true, profiles = 'default']): Not enough variable values available to expand 'profile'
2025-06-26T16:50:05.044+09:00  INFO 28500 --- [controld] [           main] o.s.cloud.context.scope.GenericScope     : BeanFactory id=3bb5a2fe-7474-3edc-b3f5-2002bf6cd09d
2025-06-26T16:50:07.021+09:00  INFO 28500 --- [controld] [           main] DiscoveryClientOptionalArgsConfiguration : Eureka HTTP Client uses RestTemplate.
2025-06-26T16:50:07.087+09:00  WARN 28500 --- [controld] [           main] iguration$LoadBalancerCaffeineWarnLogger : Spring Cloud LoadBalancer is currently working with the default cache. While this cache implementation is useful for development and tests, it's recommended to use Caffeine cache in production.You can switch to using Caffeine cache, by adding it and org.springframework.cache.caffeine.CaffeineCacheManager to the classpath.
2025-06-26T16:50:07.101+09:00  INFO 28500 --- [controld] [           main] o.s.b.a.e.web.EndpointLinksResolver      : Exposing 1 endpoint beneath base path '/actuator'
2025-06-26T16:50:07.172+09:00  INFO 28500 --- [controld] [           main] o.s.c.n.eureka.InstanceInfoFactory       : Setting initial instance status as: STARTING
2025-06-26T16:50:07.209+09:00  INFO 28500 --- [controld] [           main] com.netflix.discovery.DiscoveryClient    : Initializing Eureka in region us-east-1
2025-06-26T16:50:07.230+09:00  INFO 28500 --- [controld] [           main] c.n.d.s.r.aws.ConfigClusterResolver      : Resolving eureka endpoints via configuration
2025-06-26T16:50:07.246+09:00  INFO 28500 --- [controld] [           main] com.netflix.discovery.DiscoveryClient    : Disable delta property : false
2025-06-26T16:50:07.246+09:00  INFO 28500 --- [controld] [           main] com.netflix.discovery.DiscoveryClient    : Single vip registry refresh property : null
2025-06-26T16:50:07.246+09:00  INFO 28500 --- [controld] [           main] com.netflix.discovery.DiscoveryClient    : Force full registry fetch : false
2025-06-26T16:50:07.246+09:00  INFO 28500 --- [controld] [           main] com.netflix.discovery.DiscoveryClient    : Application is null : false
2025-06-26T16:50:07.246+09:00  INFO 28500 --- [controld] [           main] com.netflix.discovery.DiscoveryClient    : Registered Applications size is zero : true
2025-06-26T16:50:07.246+09:00  INFO 28500 --- [controld] [           main] com.netflix.discovery.DiscoveryClient    : Application version is -1: true
2025-06-26T16:50:07.246+09:00  INFO 28500 --- [controld] [           main] com.netflix.discovery.DiscoveryClient    : Getting all instance registry info from the eureka server
2025-06-26T16:50:07.864+09:00  INFO 28500 --- [controld] [           main] com.netflix.discovery.DiscoveryClient    : The response status is 200
2025-06-26T16:50:07.866+09:00  INFO 28500 --- [controld] [           main] com.netflix.discovery.DiscoveryClient    : Starting heartbeat executor: renew interval is: 30
2025-06-26T16:50:07.868+09:00  INFO 28500 --- [controld] [           main] c.n.discovery.InstanceInfoReplicator     : InstanceInfoReplicator onDemand update allowed rate per min is 4
2025-06-26T16:50:07.870+09:00  INFO 28500 --- [controld] [           main] com.netflix.discovery.DiscoveryClient    : Discovery Client initialized at timestamp 1750924207869 with initial instances count: 3
2025-06-26T16:50:07.874+09:00  INFO 28500 --- [controld] [           main] o.s.c.n.e.s.EurekaServiceRegistry        : Registering application CONTROLD with eureka with status UP
2025-06-26T16:50:07.874+09:00  INFO 28500 --- [controld] [           main] com.netflix.discovery.DiscoveryClient    : Saw local status change event StatusChangeEvent [timestamp=1750924207874, current=UP, previous=STARTING]
2025-06-26T16:50:07.878+09:00  INFO 28500 --- [controld] [foReplicator-%d] com.netflix.discovery.DiscoveryClient    : DiscoveryClient_CONTROLD/DESKTOP-2RV60G9:controld: registering service...
2025-06-26T16:50:07.901+09:00  INFO 28500 --- [controld] [           main] c.s.c.ControlDeptApplicationTests        : Started ControlDeptApplicationTests in 6.179 seconds (process running for 7.8)
2025-06-26T16:50:07.933+09:00  INFO 28500 --- [controld] [foReplicator-%d] com.netflix.discovery.DiscoveryClient    : DiscoveryClient_CONTROLD/DESKTOP-2RV60G9:controld - registration status: 204
]]></system-out>
  </testcase>
</testsuite>